<?xml version="1.0" encoding="UTF-8"?>
<testsuite xmlns:xsi="http://www.w3.org/2001/XMLSchema-instance" xsi:noNamespaceSchemaLocation="https://maven.apache.org/surefire/maven-surefire-plugin/xsd/surefire-test-report.xsd" name="com.tdd.StringCalculatorTest" time="0.051" tests="7" errors="0" skipped="0" failures="0">
  <properties>
[...]
</properties>
  <testcase name="testAddOneNumber" classname="com.tdd.StringCalculatorTest" time="0.026"/>
  <testcase name="testOtherDelimiter" classname="com.tdd.StringCalculatorTest" time="0.001"/>
  <testcase name="testOverThousand" classname="com.tdd.StringCalculatorTest" time="0.001"/>
  <testcase name="testEmptyString" classname="com.tdd.StringCalculatorTest" time="0.003"/>
  <testcase name="testNegativeNumber" classname="com.tdd.StringCalculatorTest" time="0.006"/>
  <testcase name="testNewLine" classname="com.tdd.StringCalculatorTest" time="0.002"/>
  <testcase name="testAddMultipleNumbers" classname="com.tdd.StringCalculatorTest" time="0"/>
</testsuite>